2017-07-04 21:00:19,361 [Worker-3] INFO  c.g.t.t.d.PublishedGradleVersions - Gradle version information cache is out-of-date. Trying to update.
2017-07-05 19:57:31,755 [Worker-5] INFO  c.g.t.t.d.PublishedGradleVersions - Gradle version information cache is up-to-date. Trying to read.
2017-07-05 20:33:44,589 [Worker-3] INFO  c.g.t.t.d.PublishedGradleVersions - Gradle version information cache is up-to-date. Trying to read.
2017-07-05 20:53:40,446 [Worker-1] INFO  c.g.t.t.d.PublishedGradleVersions - Gradle version information cache is up-to-date. Trying to read.
2017-07-05 22:21:18,909 [Worker-2] INFO  c.g.t.t.d.PublishedGradleVersions - Gradle version information cache is out-of-date. Trying to update.
2017-07-05 22:36:35,168 [Worker-0] INFO  c.g.t.t.d.PublishedGradleVersions - Gradle version information cache is up-to-date. Trying to read.
2017-07-06 22:23:30,129 [Worker-2] INFO  c.g.t.t.d.PublishedGradleVersions - Gradle version information cache is out-of-date. Trying to update.
2017-07-06 23:12:37,177 [Worker-1] INFO  c.g.t.t.d.PublishedGradleVersions - Gradle version information cache is up-to-date. Trying to read.
2017-07-07 19:11:02,156 [Worker-6] INFO  c.g.t.t.d.PublishedGradleVersions - Gradle version information cache is up-to-date. Trying to read.
2017-07-07 20:26:17,697 [Worker-8] INFO  c.g.t.t.d.PublishedGradleVersions - Gradle version information cache is up-to-date. Trying to read.
2017-07-07 22:02:57,933 [Start Help Server] INFO  org.eclipse.jetty.util.log - Logging initialized @5971483ms to org.eclipse.jetty.util.log.Slf4jLog
2017-07-07 22:03:03,965 [Start Help Server] INFO  org.eclipse.jetty.server.Server - jetty-9.4.5.v20170502
2017-07-07 22:03:04,610 [Start Help Server] INFO  org.eclipse.jetty.server.session - DefaultSessionIdManager workerName=node0
2017-07-07 22:03:04,611 [Start Help Server] INFO  org.eclipse.jetty.server.session - No SessionScavenger set, using defaults
2017-07-07 22:03:04,749 [Start Help Server] INFO  org.eclipse.jetty.server.session - Scavenging every 660000ms
2017-07-07 22:03:05,237 [Start Help Server] INFO  o.e.j.server.handler.ContextHandler - Started o.e.j.s.ServletContextHandler@e96c62{/help,null,AVAILABLE}
2017-07-07 22:03:10,296 [Start Help Server] INFO  o.e.jetty.server.AbstractConnector - Started ServerConnector@34950dc8{HTTP/1.1,[http/1.1]}{127.0.0.1:62865}
2017-07-07 22:03:10,297 [Start Help Server] INFO  org.eclipse.jetty.server.Server - Started @5983848ms
2017-07-07 23:44:35,419 [Stop Help Server] INFO  o.e.jetty.server.AbstractConnector - Stopped ServerConnector@34950dc8{HTTP/1.1,[http/1.1]}{127.0.0.1:0}
2017-07-07 23:44:35,487 [Stop Help Server] INFO  org.eclipse.jetty.server.session - Stopped scavenging
2017-07-07 23:44:36,232 [Stop Help Server] INFO  o.e.j.server.handler.ContextHandler - Stopped o.e.j.s.ServletContextHandler@e96c62{/help,null,UNAVAILABLE}
